[2013-03-25 12:25:29] INFO  WEBrick 1.3.1
[2013-03-25 12:25:29] INFO  ruby 1.9.2 (2011-07-09) [i686-linux]
[2013-03-25 12:25:29] INFO  WEBrick::HTTPServer#start: pid=5965 port=3000
[2013-03-25 12:32:13] INFO  going to shutdown ...
[2013-03-25 12:32:13] INFO  WEBrick::HTTPServer#start done.
/usr/local/lib/ruby/gems/1.9.1/gems/activesupport-3.1.0/lib/active_support/whiny_nil.rb:48:in `method_missing': undefined method `shutdown' for nil:NilClass (NoMethodError)
	from /usr/local/lib/ruby/gems/1.9.1/gems/rack-1.3.5/lib/rack/handler/webrick.rb:24:in `shutdown'
	from /usr/local/lib/ruby/gems/1.9.1/gems/rack-1.3.5/lib/rack/server.rb:259:in `block in start'
	from /usr/local/lib/ruby/1.9.1/webrick/server.rb:113:in `call'
	from /usr/local/lib/ruby/1.9.1/webrick/server.rb:113:in `join'
	from /usr/local/lib/ruby/1.9.1/webrick/server.rb:113:in `block (2 levels) in start'
	from /usr/local/lib/ruby/1.9.1/webrick/server.rb:113:in `each'
	from /usr/local/lib/ruby/1.9.1/webrick/server.rb:113:in `block in start'
	from /usr/local/lib/ruby/1.9.1/webrick/server.rb:22:in `start'
	from /usr/local/lib/ruby/1.9.1/webrick/server.rb:81:in `start'
	from /usr/local/lib/ruby/gems/1.9.1/gems/rack-1.3.5/lib/rack/handler/webrick.rb:13:in `run'
	from /usr/local/lib/ruby/gems/1.9.1/gems/rack-1.3.5/lib/rack/server.rb:265:in `start'
	from /usr/local/lib/ruby/gems/1.9.1/gems/railties-3.1.0/lib/rails/commands/server.rb:70:in `start'
	from /usr/local/lib/ruby/gems/1.9.1/gems/railties-3.1.0/lib/rails/commands.rb:54:in `block in <top (required)>'
	from /usr/local/lib/ruby/gems/1.9.1/gems/railties-3.1.0/lib/rails/commands.rb:49:in `tap'
	from /usr/local/lib/ruby/gems/1.9.1/gems/railties-3.1.0/lib/rails/commands.rb:49:in `<top (required)>'
	from script/rails:6:in `require'
	from script/rails:6:in `<main>'
